<?xml version="1.0" encoding="UTF-8"?>
<!-- Generated by org.testng.reporters.JUnitXMLReporter -->
<testsuite ignored="1" hostname="DESKTOP-6RJF7GJ" failures="0" tests="1" name="Default test" time="17.149" errors="0" timestamp="2022-06-02T21:06:24 CDT">
  <testcase classname="com.demoqa.tests.TestApplication" name="validateLaunchApplication" time="17.107"/>
  <testcase classname="com.demoqa.tests.TestApplication" name="validateForm" time="0.0">
    <ignored/>
  </testcase> <!-- validateForm -->
</testsuite> <!-- Default test -->
