<?xml version="1.0" encoding="UTF-8"?>
<testng-results ignored="1" total="2" passed="1" failed="0" skipped="0">
  <reporter-output>
  </reporter-output>
  <suite started-at="2022-06-02T21:06:07 CDT" name="Default suite" finished-at="2022-06-02T21:06:24 CDT" duration-ms="17149">
    <groups>
    </groups>
    <test started-at="2022-06-02T21:06:07 CDT" name="Default test" finished-at="2022-06-02T21:06:24 CDT" duration-ms="17149">
      <class name="com.demoqa.tests.TestApplication">
        <test-method signature="validateLaunchApplication()[pri:0, instance:com.demoqa.tests.TestApplication@662b4c69]" started-at="2022-06-02T21:06:07 CDT" name="validateLaunchApplication" finished-at="2022-06-02T21:06:24 CDT" duration-ms="17107" status="PASS">
          <reporter-output>
          </reporter-output>
        </test-method> <!-- validateLaunchApplication -->
      </class> <!-- com.demoqa.tests.TestApplication -->
    </test> <!-- Default test -->
  </suite> <!-- Default suite -->
</testng-results>
